07/15/2020 07:05:46 PM INFO: Reading notebook t4_3dUNet.ipynb
07/15/2020 07:05:47 PM INFO: Running cell:
import glob

import monai
from monai.networks.nets import UNet
from monai.transforms import (
    Compose,
    LoadNiftid,
    ScaleIntensityd,
    NormalizeIntensityd,
    AddChanneld,
    ToTensord,
    RandSpatialCropd,
    RandCropByPosNegLabeld,
    CropForegroundd,
    Identityd,
)

import torch
import torch.nn as nn
import torch.nn.functional as F
import torchvision

import pytorch_lightning as pl
from sklearn.model_selection import train_test_split

07/15/2020 07:05:52 PM INFO: Cell returned
07/15/2020 07:05:52 PM INFO: Running cell:
class UNet_3D(pl.LightningModule):
    def __init__(self, hparams):
        super().__init__()
        self.hparams = hparams
        
        self.unet = UNet(
            dimensions=3,
            in_channels=1,
            out_channels=2,
            channels=(64, 128, 258, 512, 1024),
            strides=(2, 2, 2, 2),
            norm=monai.networks.layers.Norm.BATCH,
            dropout=0,
        )
        self.sample_masks = []
    
    # Data setup
    def setup(self, stage):
        data_dir = 'data/'
        
        # Train imgs/masks
        train_imgs = []
        with open(data_dir + 'train_imgs.txt', 'r') as f:
            train_imgs = [image.rstrip() for image in f.readlines()]

        train_masks = []
        with open(data_dir + 'train_masks.txt', 'r') as f:
            train_masks = [mask.rstrip() for mask in f.readlines()]
        
        train_dicts = [{'image': image, 'mask': mask} for (image, mask) in zip(train_imgs, train_masks)]
        
        train_dicts, val_dicts = train_test_split(train_dicts, test_size=0.2)
        
        # Basic transforms
        data_keys = ["image", "mask"]
        data_transforms = Compose(
            [
                LoadNiftid(keys=data_keys),
                AddChanneld(keys=data_keys),
                NormalizeIntensityd(keys="image"),
                RandCropByPosNegLabeld(
                    keys=data_keys,
                    label_key="mask",
                    spatial_size=self.hparams.patch_size,
                    num_samples=4,
                    image_key="image"
                ),
            ]
        )
        
        self.train_dataset = monai.data.CacheDataset(
            data=train_dicts,
            transform=Compose(
                [
                    data_transforms,
                    ToTensord(keys=data_keys)
                ]
            ),
            cache_rate=1.0
        )
        
        self.val_dataset = monai.data.CacheDataset(
            data=val_dicts,
            transform=Compose(
                [
                    data_transforms,
                    ToTensord(keys=data_keys)
                ]
            ),
            cache_rate=1.0
        )
        
    def train_dataloader(self):
        return monai.data.DataLoader(
            self.train_dataset, batch_size=self.hparams.batch_size, shuffle=True, num_workers=hparams.num_workers
        )

    def val_dataloader(self):
        return monai.data.DataLoader(
            self.val_dataset, batch_size=self.hparams.batch_size, num_workers=hparams.num_workers
        )
    
    # Training setup
    def forward(self, image):
        return self.unet(image)
    
    def criterion(self, y_hat, y):
        dice_loss = monai.losses.DiceLoss(
            to_onehot_y=True,
            softmax=True
        )
        return dice_loss(y_hat, y)
    
    def training_step(self, batch, batch_idx):
        inputs, labels = batch['image'], batch['mask']
        outputs = self(inputs)
        loss = self.criterion(outputs, labels)

        self.logger.log_metrics({"loss/train": loss}, self.global_step)

        return {'loss': loss}
    
    def configure_optimizers(self):
        lr = self.hparams.lr
        optimizer = torch.optim.Adam(self.unet.parameters(), lr=lr)
        return optimizer
    
    def validation_step(self, batch, batch_idx):
        inputs, labels = (
            batch["image"],
            batch["mask"],
        )
        outputs = self(inputs)
        
        # Sample masks
        if self.current_epoch != 0:
            image = outputs[0].argmax(0)[:, :, 8].unsqueeze(0).detach()
            self.sample_masks.append(image)
        
        loss = self.criterion(outputs, labels)
        return {"val_loss": loss}

    def validation_epoch_end(self, outputs):
        avg_loss = torch.stack([x["val_loss"] for x in outputs]).mean()
        self.logger.log_metrics({"val/loss": avg_loss}, self.current_epoch)
        
        if self.current_epoch != 0:
            grid = torchvision.utils.make_grid(self.sample_masks)
            self.logger.experiment.add_image('sample_masks', grid, self.current_epoch)
            self.sample_masks = []
        
        return {"val_loss": avg_loss}

07/15/2020 07:05:52 PM INFO: Cell returned
07/15/2020 07:05:52 PM INFO: Running cell:


07/15/2020 07:05:52 PM INFO: Cell returned
07/15/2020 07:05:52 PM INFO: Shutdown kernel
/data3/johnkim/environments/env_pytorch/lib/python3.8/site-packages/jupyter_client/manager.py:357: FutureWarning: Method cleanup(connection_file=True) is deprecated, use cleanup_resources(restart=False).
  warnings.warn("Method cleanup(connection_file=True) is deprecated, use cleanup_resources(restart=False).",
07/15/2020 07:07:29 PM INFO: Reading notebook t4_3dUNet.ipynb
07/15/2020 07:07:31 PM INFO: Running cell:
import glob

import monai
from monai.networks.nets import UNet
from monai.transforms import (
    Compose,
    LoadNiftid,
    ScaleIntensityd,
    NormalizeIntensityd,
    AddChanneld,
    ToTensord,
    RandSpatialCropd,
    RandCropByPosNegLabeld,
    CropForegroundd,
    Identityd,
)

import torch
import torch.nn as nn
import torch.nn.functional as F
import torchvision

import pytorch_lightning as pl
from sklearn.model_selection import train_test_split

07/15/2020 07:07:35 PM INFO: Cell returned
07/15/2020 07:07:35 PM INFO: Running cell:
class UNet_3D(pl.LightningModule):
    def __init__(self, hparams):
        super().__init__()
        self.hparams = hparams
        
        self.unet = UNet(
            dimensions=3,
            in_channels=1,
            out_channels=2,
            channels=(64, 128, 258, 512, 1024),
            strides=(2, 2, 2, 2),
            norm=monai.networks.layers.Norm.BATCH,
            dropout=0,
        )
        self.sample_masks = []
    
    # Data setup
    def setup(self, stage):
        data_dir = 'data/'
        
        # Train imgs/masks
        train_imgs = []
        with open(data_dir + 'train_imgs.txt', 'r') as f:
            train_imgs = [image.rstrip() for image in f.readlines()]

        train_masks = []
        with open(data_dir + 'train_masks.txt', 'r') as f:
            train_masks = [mask.rstrip() for mask in f.readlines()]
        
        train_dicts = [{'image': image, 'mask': mask} for (image, mask) in zip(train_imgs, train_masks)]
        
        train_dicts, val_dicts = train_test_split(train_dicts, test_size=0.2)
        
        # Basic transforms
        data_keys = ["image", "mask"]
        data_transforms = Compose(
            [
                LoadNiftid(keys=data_keys),
                AddChanneld(keys=data_keys),
                NormalizeIntensityd(keys="image"),
                RandCropByPosNegLabeld(
                    keys=data_keys,
                    label_key="mask",
                    spatial_size=self.hparams.patch_size,
                    num_samples=4,
                    image_key="image"
                ),
            ]
        )
        
        self.train_dataset = monai.data.CacheDataset(
            data=train_dicts,
            transform=Compose(
                [
                    data_transforms,
                    ToTensord(keys=data_keys)
                ]
            ),
            cache_rate=1.0
        )
        
        self.val_dataset = monai.data.CacheDataset(
            data=val_dicts,
            transform=Compose(
                [
                    data_transforms,
                    ToTensord(keys=data_keys)
                ]
            ),
            cache_rate=1.0
        )
        
    def train_dataloader(self):
        return monai.data.DataLoader(
            self.train_dataset, batch_size=self.hparams.batch_size, shuffle=True, num_workers=hparams.num_workers
        )

    def val_dataloader(self):
        return monai.data.DataLoader(
            self.val_dataset, batch_size=self.hparams.batch_size, num_workers=hparams.num_workers
        )
    
    # Training setup
    def forward(self, image):
        return self.unet(image)
    
    def criterion(self, y_hat, y):
        dice_loss = monai.losses.DiceLoss(
            to_onehot_y=True,
            softmax=True
        )
        return dice_loss(y_hat, y)
    
    def training_step(self, batch, batch_idx):
        inputs, labels = batch['image'], batch['mask']
        outputs = self(inputs)
        loss = self.criterion(outputs, labels)

        self.logger.log_metrics({"loss/train": loss}, self.global_step)

        return {'loss': loss}
    
    def configure_optimizers(self):
        lr = self.hparams.lr
        optimizer = torch.optim.Adam(self.unet.parameters(), lr=lr)
        return optimizer
    
    def validation_step(self, batch, batch_idx):
        inputs, labels = (
            batch["image"],
            batch["mask"],
        )
        outputs = self(inputs)
        
        # Sample masks
        if self.current_epoch != 0:
            image = outputs[0].argmax(0)[:, :, 8].unsqueeze(0).detach()
            self.sample_masks.append(image)
        
        loss = self.criterion(outputs, labels)
        return {"val_loss": loss}

    def validation_epoch_end(self, outputs):
        avg_loss = torch.stack([x["val_loss"] for x in outputs]).mean()
        self.logger.log_metrics({"val/loss": avg_loss}, self.current_epoch)
        
        if self.current_epoch != 0:
            grid = torchvision.utils.make_grid(self.sample_masks)
            self.logger.experiment.add_image('sample_masks', grid, self.current_epoch)
            self.sample_masks = []
        
        return {"val_loss": avg_loss}

07/15/2020 07:07:35 PM INFO: Cell returned
07/15/2020 07:07:35 PM INFO: Running cell:
from argparse import Namespace

args = {
    'name': '7-8-2020_3dremastered',
    'batch_size': 2,
    'lr': 0.001,
    'patch_size': [256, 256, 16],
    'num_workers': 6,
}

hparams = Namespace(**args)

07/15/2020 07:07:35 PM INFO: Cell returned
07/15/2020 07:07:35 PM INFO: Running cell:
model = UNet_3D(hparams)

07/15/2020 07:07:36 PM INFO: Cell returned
07/15/2020 07:07:36 PM INFO: Running cell:
NAME = 'models/' + hparams.name
logger = pl.loggers.TensorBoardLogger(NAME + "/tb_logs/", name='')

# Callbacks
early_stopping = pl.callbacks.EarlyStopping(
    monitor='val_loss',
    patience=10
)

checkpoint_callback = pl.callbacks.ModelCheckpoint(filepath=NAME + '/checkpoints/')


trainer = pl.Trainer(
    checkpoint_callback=checkpoint_callback,
    early_stop_callback=early_stopping,
    check_val_every_n_epoch=5,
    gpus=1,
    max_epochs=1000,
    logger=logger,
)

trainer.fit(model)

07/15/2020 08:16:28 PM INFO: Cell returned
Traceback (most recent call last):
  File "/data3/johnkim/environments/env_pytorch/bin/runipy", line 8, in <module>
    sys.exit(main())
  File "/data3/johnkim/environments/env_pytorch/lib/python3.8/site-packages/runipy/main.py", line 158, in main
    nb_runner.run_notebook(skip_exceptions=args.skip_exceptions)
  File "/data3/johnkim/environments/env_pytorch/lib/python3.8/site-packages/runipy/notebook_runner.py", line 232, in run_notebook
    self.run_cell(cell)
  File "/data3/johnkim/environments/env_pytorch/lib/python3.8/site-packages/runipy/notebook_runner.py", line 207, in run_cell
    raise NotImplementedError(
NotImplementedError: unhandled iopub message: comm_open
[IPKernelApp] WARNING | Parent appears to have exited, shutting down.
